<?xml version="1.0" encoding="UTF-8"?>
<!-- Generated by org.testng.reporters.JUnitReportReporter -->
<testsuite skipped="2" hostname="VINITH" name="testng.EbayTestngIRetryAnalyzer_Xml_18" tests="6" failures="0" timestamp="2021-08-05T19:58:54 IST" time="33.432" errors="1">
  <testcase name="windowSettings" time="0.914" classname="testng.EbayTestngIRetryAnalyzer_Xml_18"/>
  <system-out/>
  <testcase name="navigateURL" time="29.293" classname="testng.EbayTestngIRetryAnalyzer_Xml_18"/>
  <system-out/>
  <testcase name="getPageInfo" time="0.061" classname="testng.EbayTestngIRetryAnalyzer_Xml_18"/>
  <system-out/>
  <testcase name="getPageInfo" time="0.045" classname="testng.EbayTestngIRetryAnalyzer_Xml_18">
    <skipped/>
  </testcase> <!-- getPageInfo -->
  <system-out/>
  <testcase name="getPageInfo" time="0.091" classname="testng.EbayTestngIRetryAnalyzer_Xml_18">
    <skipped/>
  </testcase> <!-- getPageInfo -->
  <system-out/>
  <testcase name="searchProduct" time="3.028" classname="testng.EbayTestngIRetryAnalyzer_Xml_18">
    <error type="org.testng.internal.thread.ThreadTimeoutException" message="Method testng.EbayTestngIRetryAnalyzer_Xml_18.searchProduct() didn&#039;t finish within the time-out 3000">
      <![CDATA[org.testng.internal.thread.ThreadTimeoutException: Method testng.EbayTestngIRetryAnalyzer_Xml_18.searchProduct() didn't finish within the time-out 3000
at org.testng.internal.MethodInvocationHelper.invokeWithTimeoutWithNewExecutor(MethodInvocationHelper.java:384)
at org.testng.internal.MethodInvocationHelper.invokeWithTimeout(MethodInvocationHelper.java:283)
at org.testng.internal.TestInvoker.invokeMethod(TestInvoker.java:604)
at org.testng.internal.TestInvoker.invokeTestMethod(TestInvoker.java:173)
at org.testng.internal.MethodRunner.runInSequence(MethodRunner.java:46)
at org.testng.internal.TestInvoker$MethodInvocationAgent.invoke(TestInvoker.java:824)
at org.testng.internal.TestInvoker.invokeTestMethods(TestInvoker.java:146)
at org.testng.internal.TestMethodWorker.invokeTestMethods(TestMethodWorker.java:146)
at org.testng.internal.TestMethodWorker.run(TestMethodWorker.java:128)
at java.util.ArrayList.forEach(Unknown Source)
at org.testng.TestRunner.privateRun(TestRunner.java:794)
at org.testng.TestRunner.run(TestRunner.java:596)
at org.testng.SuiteRunner.runTest(SuiteRunner.java:377)
at org.testng.SuiteRunner.runSequentially(SuiteRunner.java:371)
at org.testng.SuiteRunner.privateRun(SuiteRunner.java:332)
at org.testng.SuiteRunner.run(SuiteRunner.java:276)
at org.testng.SuiteRunnerWorker.runSuite(SuiteRunnerWorker.java:53)
at org.testng.SuiteRunnerWorker.run(SuiteRunnerWorker.java:96)
at org.testng.TestNG.runSuitesSequentially(TestNG.java:1212)
at org.testng.TestNG.runSuitesLocally(TestNG.java:1134)
at org.testng.TestNG.runSuites(TestNG.java:1063)
at org.testng.TestNG.run(TestNG.java:1031)
at org.testng.remote.AbstractRemoteTestNG.run(AbstractRemoteTestNG.java:115)
at org.testng.remote.RemoteTestNG.initAndRun(RemoteTestNG.java:251)
at org.testng.remote.RemoteTestNG.main(RemoteTestNG.java:77)
]]>
    </error>
  </testcase> <!-- searchProduct -->
  <system-out/>
</testsuite> <!-- testng.EbayTestngIRetryAnalyzer_Xml_18 -->
